<?xml version="1.0" encoding="UTF-8"?>
<testng-results ignored="0" total="4" passed="4" failed="0" skipped="0">
  <reporter-output>
    <line>
      <![CDATA[execution starts at suite level]]>
    </line>
  </reporter-output>
  <suite started-at="2023-12-29T13:03:18 IST" name="Suite" finished-at="2023-12-29T13:04:13 IST" duration-ms="55187">
    <groups>
    </groups>
    <test started-at="2023-12-29T13:03:18 IST" name="EdgeTest" finished-at="2023-12-29T13:03:45 IST" duration-ms="27381">
      <class name="com.testcases.TC_1_ActitimeLoginLogOut">
        <test-method is-config="true" signature="setup(java.lang.String)[pri:0, instance:com.testcases.TC_1_ActitimeLoginLogOut@661972b0]" started-at="2023-12-29T13:03:18 IST" name="setup" finished-at="2023-12-29T13:03:29 IST" duration-ms="11548" status="PASS">
          <params>
            <param index="0">
              <value>
                <![CDATA[edge]]>
              </value>
            </param>
          </params>
          <reporter-output>
          </reporter-output>
        </test-method> <!-- setup -->
        <test-method signature="login()[pri:0, instance:com.testcases.TC_1_ActitimeLoginLogOut@661972b0]" started-at="2023-12-29T13:03:29 IST" name="login" finished-at="2023-12-29T13:03:32 IST" duration-ms="3238" status="PASS">
          <reporter-output>
          </reporter-output>
        </test-method> <!-- login -->
        <test-method signature="logout()[pri:0, instance:com.testcases.TC_1_ActitimeLoginLogOut@661972b0]" started-at="2023-12-29T13:03:32 IST" name="logout" finished-at="2023-12-29T13:03:44 IST" depends-on-methods="com.testcases.TC_1_ActitimeLoginLogOut.login" duration-ms="11848" status="PASS">
          <reporter-output>
          </reporter-output>
        </test-method> <!-- logout -->
        <test-method is-config="true" signature="teardown()[pri:0, instance:com.testcases.TC_1_ActitimeLoginLogOut@661972b0]" started-at="2023-12-29T13:03:44 IST" name="teardown" finished-at="2023-12-29T13:03:45 IST" duration-ms="660" status="PASS">
          <reporter-output>
          </reporter-output>
        </test-method> <!-- teardown -->
      </class> <!-- com.testcases.TC_1_ActitimeLoginLogOut -->
    </test> <!-- EdgeTest -->
    <test started-at="2023-12-29T13:03:45 IST" name="FirefoxTest" finished-at="2023-12-29T13:04:13 IST" duration-ms="27699">
      <class name="com.testcases.TC_1_ActitimeLoginLogOut">
        <test-method is-config="true" signature="executionStart()[pri:0, instance:com.testcases.TC_1_ActitimeLoginLogOut@5c33f1a9]" started-at="2023-12-29T13:03:17 IST" name="executionStart" finished-at="2023-12-29T13:03:18 IST" duration-ms="26" status="PASS">
          <reporter-output>
            <line>
              <![CDATA[execution starts at suite level]]>
            </line>
          </reporter-output>
        </test-method> <!-- executionStart -->
        <test-method is-config="true" signature="setup(java.lang.String)[pri:0, instance:com.testcases.TC_1_ActitimeLoginLogOut@5c33f1a9]" started-at="2023-12-29T13:03:45 IST" name="setup" finished-at="2023-12-29T13:04:02 IST" duration-ms="16810" status="PASS">
          <params>
            <param index="0">
              <value>
                <![CDATA[firefox]]>
              </value>
            </param>
          </params>
          <reporter-output>
          </reporter-output>
        </test-method> <!-- setup -->
        <test-method signature="login()[pri:0, instance:com.testcases.TC_1_ActitimeLoginLogOut@5c33f1a9]" started-at="2023-12-29T13:04:02 IST" name="login" finished-at="2023-12-29T13:04:03 IST" duration-ms="733" status="PASS">
          <reporter-output>
          </reporter-output>
        </test-method> <!-- login -->
        <test-method signature="logout()[pri:0, instance:com.testcases.TC_1_ActitimeLoginLogOut@5c33f1a9]" started-at="2023-12-29T13:04:03 IST" name="logout" finished-at="2023-12-29T13:04:10 IST" depends-on-methods="com.testcases.TC_1_ActitimeLoginLogOut.login" duration-ms="7480" status="PASS">
          <reporter-output>
          </reporter-output>
        </test-method> <!-- logout -->
        <test-method is-config="true" signature="teardown()[pri:0, instance:com.testcases.TC_1_ActitimeLoginLogOut@5c33f1a9]" started-at="2023-12-29T13:04:10 IST" name="teardown" finished-at="2023-12-29T13:04:13 IST" duration-ms="2661" status="PASS">
          <reporter-output>
          </reporter-output>
        </test-method> <!-- teardown -->
      </class> <!-- com.testcases.TC_1_ActitimeLoginLogOut -->
    </test> <!-- FirefoxTest -->
  </suite> <!-- Suite -->
</testng-results>
