<?xml version="1.0" encoding="UTF-8"?>
<testng-results ignored="0" total="4" passed="4" failed="0" skipped="0">
  <reporter-output>
    <line>
      <![CDATA[execution starts at suite level]]>
    </line>
  </reporter-output>
  <suite started-at="2023-12-29T13:01:51 IST" name="Suite" finished-at="2023-12-29T13:02:46 IST" duration-ms="54682">
    <groups>
    </groups>
    <test started-at="2023-12-29T13:01:51 IST" name="EdgeTest" finished-at="2023-12-29T13:02:20 IST" duration-ms="29206">
      <class name="com.testcases.TC_1_ActitimeLoginLogOut">
        <test-method is-config="true" signature="setup(java.lang.String)[pri:0, instance:com.testcases.TC_1_ActitimeLoginLogOut@618b19ad]" started-at="2023-12-29T13:01:51 IST" name="setup" finished-at="2023-12-29T13:02:03 IST" duration-ms="11844" status="PASS">
          <params>
            <param index="0">
              <value>
                <![CDATA[edge]]>
              </value>
            </param>
          </params>
          <reporter-output>
          </reporter-output>
        </test-method> <!-- setup -->
        <test-method signature="login()[pri:0, instance:com.testcases.TC_1_ActitimeLoginLogOut@618b19ad]" started-at="2023-12-29T13:02:03 IST" name="login" finished-at="2023-12-29T13:02:08 IST" duration-ms="5321" status="PASS">
          <reporter-output>
          </reporter-output>
        </test-method> <!-- login -->
        <test-method signature="logout()[pri:0, instance:com.testcases.TC_1_ActitimeLoginLogOut@618b19ad]" started-at="2023-12-29T13:02:08 IST" name="logout" finished-at="2023-12-29T13:02:20 IST" depends-on-methods="com.testcases.TC_1_ActitimeLoginLogOut.login" duration-ms="11289" status="PASS">
          <reporter-output>
          </reporter-output>
        </test-method> <!-- logout -->
        <test-method is-config="true" signature="teardown()[pri:0, instance:com.testcases.TC_1_ActitimeLoginLogOut@618b19ad]" started-at="2023-12-29T13:02:20 IST" name="teardown" finished-at="2023-12-29T13:02:20 IST" duration-ms="646" status="PASS">
          <reporter-output>
          </reporter-output>
        </test-method> <!-- teardown -->
      </class> <!-- com.testcases.TC_1_ActitimeLoginLogOut -->
    </test> <!-- EdgeTest -->
    <test started-at="2023-12-29T13:02:20 IST" name="FirefoxTest" finished-at="2023-12-29T13:02:46 IST" duration-ms="25367">
      <class name="com.testcases.TC_1_ActitimeLoginLogOut">
        <test-method is-config="true" signature="executionStart()[pri:0, instance:com.testcases.TC_1_ActitimeLoginLogOut@4116aac9]" started-at="2023-12-29T13:01:51 IST" name="executionStart" finished-at="2023-12-29T13:01:51 IST" duration-ms="21" status="PASS">
          <reporter-output>
            <line>
              <![CDATA[execution starts at suite level]]>
            </line>
          </reporter-output>
        </test-method> <!-- executionStart -->
        <test-method is-config="true" signature="setup(java.lang.String)[pri:0, instance:com.testcases.TC_1_ActitimeLoginLogOut@4116aac9]" started-at="2023-12-29T13:02:20 IST" name="setup" finished-at="2023-12-29T13:02:34 IST" duration-ms="13846" status="PASS">
          <params>
            <param index="0">
              <value>
                <![CDATA[firefox]]>
              </value>
            </param>
          </params>
          <reporter-output>
          </reporter-output>
        </test-method> <!-- setup -->
        <test-method signature="login()[pri:0, instance:com.testcases.TC_1_ActitimeLoginLogOut@4116aac9]" started-at="2023-12-29T13:02:34 IST" name="login" finished-at="2023-12-29T13:02:35 IST" duration-ms="988" status="PASS">
          <reporter-output>
          </reporter-output>
        </test-method> <!-- login -->
        <test-method signature="logout()[pri:0, instance:com.testcases.TC_1_ActitimeLoginLogOut@4116aac9]" started-at="2023-12-29T13:02:35 IST" name="logout" finished-at="2023-12-29T13:02:43 IST" depends-on-methods="com.testcases.TC_1_ActitimeLoginLogOut.login" duration-ms="8138" status="PASS">
          <reporter-output>
          </reporter-output>
        </test-method> <!-- logout -->
        <test-method is-config="true" signature="teardown()[pri:0, instance:com.testcases.TC_1_ActitimeLoginLogOut@4116aac9]" started-at="2023-12-29T13:02:43 IST" name="teardown" finished-at="2023-12-29T13:02:46 IST" duration-ms="2376" status="PASS">
          <reporter-output>
          </reporter-output>
        </test-method> <!-- teardown -->
      </class> <!-- com.testcases.TC_1_ActitimeLoginLogOut -->
    </test> <!-- FirefoxTest -->
  </suite> <!-- Suite -->
</testng-results>
